<?xml version="1.0" encoding="UTF-8"?>
<robot generator="Robot 7.1.1 (Python 3.10.12 on linux)" generated="2024-11-16T18:09:54.452596" rpa="false" schemaversion="5">
<suite id="s1" name="Tests" source="/home/filippah/webcounter/webcounter/src/tests">
<suite id="s1-s1" name="Increment" source="/home/filippah/webcounter/webcounter/src/tests/increment.robot">
<kw name="Open And Configure Browser" owner="resource" type="SETUP">
<kw name="Set Selenium Speed" owner="SeleniumLibrary">
<arg>${DELAY}</arg>
<doc>Sets the delay that is waited after each Selenium command.</doc>
<status status="PASS" start="2024-11-16T18:09:54.773529" elapsed="0.000593"/>
</kw>
<kw name="Open Browser" owner="SeleniumLibrary">
<msg time="2024-11-16T18:09:54.774889" level="INFO">Opening browser 'chrome' to base url 'None'.</msg>
<msg time="2024-11-16T18:09:56.741703" level="WARN">The chromedriver version (125.0.6422.112) detected in PATH at /usr/bin/chromedriver might not be compatible with the detected chrome version (126.0.6478.55); currently, chromedriver 126.0.6478.182 is recommended for chrome 126.*, so it is advised to delete the driver in PATH and retry</msg>
<arg>browser=${BROWSER}</arg>
<doc>Opens a new browser instance to the optional ``url``.</doc>
<status status="PASS" start="2024-11-16T18:09:54.774484" elapsed="2.691837"/>
</kw>
<status status="PASS" start="2024-11-16T18:09:54.772386" elapsed="2.694144"/>
</kw>
<test id="s1-s1-t1" name="At start the counter is zero" line="7">
<kw name="Go To" owner="SeleniumLibrary">
<msg time="2024-11-16T18:09:57.491560" level="INFO">Opening url 'http://localhost:5001'</msg>
<arg>${HOME_URL}</arg>
<doc>Navigates the current browser window to the provided ``url``.</doc>
<status status="PASS" start="2024-11-16T18:09:57.467730" elapsed="0.601453"/>
</kw>
<kw name="Title Should Be" owner="SeleniumLibrary">
<msg time="2024-11-16T18:09:58.587340" level="INFO">Page title is 'Laskuri'.</msg>
<arg>Laskuri</arg>
<doc>Verifies that the current page title equals ``title``.</doc>
<status status="PASS" start="2024-11-16T18:09:58.070268" elapsed="0.517521"/>
</kw>
<kw name="Page Should Contain" owner="SeleniumLibrary">
<msg time="2024-11-16T18:09:59.623322" level="INFO">Current page contains text 'nappia painettu 0 kertaa'.</msg>
<arg>nappia painettu 0 kertaa</arg>
<doc>Verifies that current page contains ``text``.</doc>
<status status="PASS" start="2024-11-16T18:09:58.588674" elapsed="1.034899"/>
</kw>
<status status="PASS" start="2024-11-16T18:09:57.466693" elapsed="2.157318"/>
</test>
<test id="s1-s1-t2" name="When button pressed twice the counter is two" line="12">
<kw name="Go To" owner="SeleniumLibrary">
<msg time="2024-11-16T18:09:59.625472" level="INFO">Opening url 'http://localhost:5001'</msg>
<arg>${HOME_URL}</arg>
<doc>Navigates the current browser window to the provided ``url``.</doc>
<status status="PASS" start="2024-11-16T18:09:59.625118" elapsed="0.529632"/>
</kw>
<kw name="Click Button" owner="SeleniumLibrary">
<msg time="2024-11-16T18:10:00.156503" level="INFO">Clicking button 'Paina'.</msg>
<arg>Paina</arg>
<doc>Clicks the button identified by ``locator``.</doc>
<status status="PASS" start="2024-11-16T18:10:00.155481" elapsed="1.662748"/>
</kw>
<kw name="Click Button" owner="SeleniumLibrary">
<msg time="2024-11-16T18:10:01.820185" level="INFO">Clicking button 'Paina'.</msg>
<arg>Paina</arg>
<doc>Clicks the button identified by ``locator``.</doc>
<status status="PASS" start="2024-11-16T18:10:01.819266" elapsed="1.608785"/>
</kw>
<kw name="Page Should Contain" owner="SeleniumLibrary">
<msg time="2024-11-16T18:10:04.457042" level="INFO">Current page contains text 'nappia painettu 2 kertaa'.</msg>
<arg>nappia painettu 2 kertaa</arg>
<doc>Verifies that current page contains ``text``.</doc>
<status status="PASS" start="2024-11-16T18:10:03.429219" elapsed="1.028163"/>
</kw>
<status status="PASS" start="2024-11-16T18:09:59.624493" elapsed="4.833485"/>
</test>
<kw name="Close Browser" owner="SeleniumLibrary" type="TEARDOWN">
<doc>Closes the current browser.</doc>
<status status="PASS" start="2024-11-16T18:10:04.459197" elapsed="0.561531"/>
</kw>
<status status="PASS" start="2024-11-16T18:09:54.494281" elapsed="10.526629"/>
</suite>
<status status="PASS" start="2024-11-16T18:09:54.453540" elapsed="10.568689"/>
</suite>
<statistics>
<total>
<stat pass="2" fail="0" skip="0">All Tests</stat>
</total>
<tag>
</tag>
<suite>
<stat pass="2" fail="0" skip="0" id="s1" name="Tests">Tests</stat>
<stat pass="2" fail="0" skip="0" id="s1-s1" name="Increment">Tests.Increment</stat>
</suite>
</statistics>
<errors>
<msg time="2024-11-16T18:09:56.741703" level="WARN">The chromedriver version (125.0.6422.112) detected in PATH at /usr/bin/chromedriver might not be compatible with the detected chrome version (126.0.6478.55); currently, chromedriver 126.0.6478.182 is recommended for chrome 126.*, so it is advised to delete the driver in PATH and retry</msg>
</errors>
</robot>
