<?xml version="1.0" encoding="UTF-8"?>
<robot generator="Robot 7.1.1 (Python 3.10.12 on linux)" generated="2024-11-18T14:31:49.024202" rpa="false" schemaversion="5">
<suite id="s1" name="Tests" source="/home/filippah/webcounter/src/tests">
<suite id="s1-s1" name="Increment" source="/home/filippah/webcounter/src/tests/increment.robot">
<kw name="Open And Configure Browser" owner="resource" type="SETUP">
<if>
<branch type="IF" condition="$BROWSER == 'chrome'">
<kw name="Evaluate" owner="BuiltIn">
<msg time="2024-11-18T14:31:49.176264" level="INFO">${options} = &lt;selenium.webdriver.chrome.options.Options object at 0x7e28a4690f10&gt;</msg>
<var>${options}</var>
<arg>sys.modules['selenium.webdriver'].ChromeOptions()</arg>
<arg>sys</arg>
<doc>Evaluates the given expression in Python and returns the result.</doc>
<status status="PASS" start="2024-11-18T14:31:49.175889" elapsed="0.000422"/>
</kw>
<status status="PASS" start="2024-11-18T14:31:49.172656" elapsed="0.003744"/>
</branch>
<branch type="ELSE IF" condition="$BROWSER == 'firefox'">
<kw name="Evaluate" owner="BuiltIn">
<var>${options}</var>
<arg>sys.modules['selenium.webdriver'].FirefoxOptions()</arg>
<arg>sys</arg>
<doc>Evaluates the given expression in Python and returns the result.</doc>
<status status="NOT RUN" start="2024-11-18T14:31:49.176610" elapsed="0.000033"/>
</kw>
<status status="NOT RUN" start="2024-11-18T14:31:49.176468" elapsed="0.000231"/>
</branch>
<status status="PASS" start="2024-11-18T14:31:49.172626" elapsed="0.004110"/>
</if>
<if>
<branch type="IF" condition="$HEADLESS == 'true'">
<kw name="Set Selenium Speed" owner="SeleniumLibrary">
<arg>0</arg>
<doc>Sets the delay that is waited after each Selenium command.</doc>
<status status="NOT RUN" start="2024-11-18T14:31:49.177022" elapsed="0.000034"/>
</kw>
<kw name="Call Method" owner="BuiltIn">
<arg>${options}</arg>
<arg>add_argument</arg>
<arg>--headless</arg>
<doc>Calls the named method of the given object with the provided arguments.</doc>
<status status="NOT RUN" start="2024-11-18T14:31:49.177168" elapsed="0.000027"/>
</kw>
<status status="NOT RUN" start="2024-11-18T14:31:49.176799" elapsed="0.000446"/>
</branch>
<branch type="ELSE">
<kw name="Set Selenium Speed" owner="SeleniumLibrary">
<arg>${DELAY}</arg>
<doc>Sets the delay that is waited after each Selenium command.</doc>
<status status="PASS" start="2024-11-18T14:31:49.177386" elapsed="0.000294"/>
</kw>
<status status="PASS" start="2024-11-18T14:31:49.177283" elapsed="0.000457"/>
</branch>
<status status="PASS" start="2024-11-18T14:31:49.176783" elapsed="0.000995"/>
</if>
<kw name="Open Browser" owner="SeleniumLibrary">
<msg time="2024-11-18T14:31:49.178235" level="INFO">Opening browser 'chrome' to base url 'None'.</msg>
<msg time="2024-11-18T14:31:49.239531" level="WARN">The chromedriver version (125.0.6422.112) detected in PATH at /usr/bin/chromedriver might not be compatible with the detected chrome version (126.0.6478.55); currently, chromedriver 126.0.6478.182 is recommended for chrome 126.*, so it is advised to delete the driver in PATH and retry</msg>
<arg>browser=${BROWSER}</arg>
<arg>options=${options}</arg>
<doc>Opens a new browser instance to the optional ``url``.</doc>
<status status="PASS" start="2024-11-18T14:31:49.177897" elapsed="0.713256"/>
</kw>
<status status="PASS" start="2024-11-18T14:31:49.172371" elapsed="0.719136"/>
</kw>
<test id="s1-s1-t1" name="At start the counter is zero" line="7">
<kw name="Go To" owner="SeleniumLibrary">
<msg time="2024-11-18T14:31:49.894816" level="INFO">Opening url 'http://localhost:5001'</msg>
<arg>${HOME_URL}</arg>
<doc>Navigates the current browser window to the provided ``url``.</doc>
<status status="PASS" start="2024-11-18T14:31:49.893663" elapsed="0.581553"/>
</kw>
<kw name="Title Should Be" owner="SeleniumLibrary">
<msg time="2024-11-18T14:31:50.993814" level="INFO">Page title is 'Laskuri'.</msg>
<arg>Laskuri</arg>
<doc>Verifies that the current page title equals ``title``.</doc>
<status status="PASS" start="2024-11-18T14:31:50.476048" elapsed="0.518147"/>
</kw>
<kw name="Page Should Contain" owner="SeleniumLibrary">
<msg time="2024-11-18T14:31:52.026246" level="INFO">Current page contains text 'nappia painettu 0 kertaa'.</msg>
<arg>nappia painettu 0 kertaa</arg>
<doc>Verifies that current page contains ``text``.</doc>
<status status="PASS" start="2024-11-18T14:31:50.994804" elapsed="1.031825"/>
</kw>
<status status="PASS" start="2024-11-18T14:31:49.891781" elapsed="2.135557"/>
</test>
<test id="s1-s1-t2" name="When button pressed twice the counter is two" line="12">
<kw name="Go To" owner="SeleniumLibrary">
<msg time="2024-11-18T14:31:52.029314" level="INFO">Opening url 'http://localhost:5001'</msg>
<arg>${HOME_URL}</arg>
<doc>Navigates the current browser window to the provided ``url``.</doc>
<status status="PASS" start="2024-11-18T14:31:52.028865" elapsed="0.544179"/>
</kw>
<kw name="Click Button" owner="SeleniumLibrary">
<msg time="2024-11-18T14:31:52.574859" level="INFO">Clicking button 'Paina'.</msg>
<arg>Paina</arg>
<doc>Clicks the button identified by ``locator``.</doc>
<status status="PASS" start="2024-11-18T14:31:52.573803" elapsed="1.690780"/>
</kw>
<kw name="Click Button" owner="SeleniumLibrary">
<msg time="2024-11-18T14:31:54.266435" level="INFO">Clicking button 'Paina'.</msg>
<arg>Paina</arg>
<doc>Clicks the button identified by ``locator``.</doc>
<status status="PASS" start="2024-11-18T14:31:54.265599" elapsed="1.634012"/>
</kw>
<kw name="Page Should Contain" owner="SeleniumLibrary">
<msg time="2024-11-18T14:31:56.932981" level="INFO">Current page contains text 'nappia painettu 2 kertaa'.</msg>
<arg>nappia painettu 2 kertaa</arg>
<doc>Verifies that current page contains ``text``.</doc>
<status status="PASS" start="2024-11-18T14:31:55.900324" elapsed="1.033252"/>
</kw>
<status status="PASS" start="2024-11-18T14:31:52.028004" elapsed="4.906437"/>
</test>
<kw name="Close Browser" owner="SeleniumLibrary" type="TEARDOWN">
<doc>Closes the current browser.</doc>
<status status="PASS" start="2024-11-18T14:31:56.936536" elapsed="0.565187"/>
</kw>
<status status="PASS" start="2024-11-18T14:31:49.045232" elapsed="8.456852"/>
</suite>
<suite id="s1-s2" name="Reset" source="/home/filippah/webcounter/src/tests/reset.robot">
<kw name="Open And Configure Browser" owner="resource" type="SETUP">
<if>
<branch type="IF" condition="$BROWSER == 'chrome'">
<kw name="Evaluate" owner="BuiltIn">
<msg time="2024-11-18T14:31:57.509574" level="INFO">${options} = &lt;selenium.webdriver.chrome.options.Options object at 0x7e28a4541000&gt;</msg>
<var>${options}</var>
<arg>sys.modules['selenium.webdriver'].ChromeOptions()</arg>
<arg>sys</arg>
<doc>Evaluates the given expression in Python and returns the result.</doc>
<status status="PASS" start="2024-11-18T14:31:57.509067" elapsed="0.000575"/>
</kw>
<status status="PASS" start="2024-11-18T14:31:57.508579" elapsed="0.001193"/>
</branch>
<branch type="ELSE IF" condition="$BROWSER == 'firefox'">
<kw name="Evaluate" owner="BuiltIn">
<var>${options}</var>
<arg>sys.modules['selenium.webdriver'].FirefoxOptions()</arg>
<arg>sys</arg>
<doc>Evaluates the given expression in Python and returns the result.</doc>
<status status="NOT RUN" start="2024-11-18T14:31:57.510176" elapsed="0.000076"/>
</kw>
<status status="NOT RUN" start="2024-11-18T14:31:57.509862" elapsed="0.000521"/>
</branch>
<status status="PASS" start="2024-11-18T14:31:57.508538" elapsed="0.001927"/>
</if>
<if>
<branch type="IF" condition="$HEADLESS == 'true'">
<kw name="Set Selenium Speed" owner="SeleniumLibrary">
<arg>0</arg>
<doc>Sets the delay that is waited after each Selenium command.</doc>
<status status="NOT RUN" start="2024-11-18T14:31:57.511139" elapsed="0.000094"/>
</kw>
<kw name="Call Method" owner="BuiltIn">
<arg>${options}</arg>
<arg>add_argument</arg>
<arg>--headless</arg>
<doc>Calls the named method of the given object with the provided arguments.</doc>
<status status="NOT RUN" start="2024-11-18T14:31:57.511542" elapsed="0.000077"/>
</kw>
<status status="NOT RUN" start="2024-11-18T14:31:57.510608" elapsed="0.001157"/>
</branch>
<branch type="ELSE">
<kw name="Set Selenium Speed" owner="SeleniumLibrary">
<arg>${DELAY}</arg>
<doc>Sets the delay that is waited after each Selenium command.</doc>
<status status="PASS" start="2024-11-18T14:31:57.512179" elapsed="0.000745"/>
</kw>
<status status="PASS" start="2024-11-18T14:31:57.511885" elapsed="0.001356"/>
</branch>
<status status="PASS" start="2024-11-18T14:31:57.510570" elapsed="0.002790"/>
</if>
<kw name="Open Browser" owner="SeleniumLibrary">
<msg time="2024-11-18T14:31:57.514722" level="INFO">Opening browser 'chrome' to base url 'None'.</msg>
<msg time="2024-11-18T14:31:57.600435" level="WARN">The chromedriver version (125.0.6422.112) detected in PATH at /usr/bin/chromedriver might not be compatible with the detected chrome version (126.0.6478.55); currently, chromedriver 126.0.6478.182 is recommended for chrome 126.*, so it is advised to delete the driver in PATH and retry</msg>
<arg>browser=${BROWSER}</arg>
<arg>options=${options}</arg>
<doc>Opens a new browser instance to the optional ``url``.</doc>
<status status="PASS" start="2024-11-18T14:31:57.513705" elapsed="0.746538"/>
</kw>
<status status="PASS" start="2024-11-18T14:31:57.508197" elapsed="0.752907"/>
</kw>
<test id="s1-s2-t1" name="When counter has a nonzero value and it is reset the value becomes zero" line="7">
<kw name="Go To" owner="SeleniumLibrary">
<msg time="2024-11-18T14:31:58.263372" level="INFO">Opening url 'http://localhost:5001'</msg>
<arg>${HOME_URL}</arg>
<doc>Navigates the current browser window to the provided ``url``.</doc>
<status status="PASS" start="2024-11-18T14:31:58.262878" elapsed="0.647539"/>
</kw>
<kw name="Click Button" owner="SeleniumLibrary">
<msg time="2024-11-18T14:31:58.911499" level="INFO">Clicking button 'Paina'.</msg>
<arg>Paina</arg>
<doc>Clicks the button identified by ``locator``.</doc>
<status status="PASS" start="2024-11-18T14:31:58.911006" elapsed="1.653528"/>
</kw>
<kw name="Click Button" owner="SeleniumLibrary">
<msg time="2024-11-18T14:32:00.565978" level="INFO">Clicking button 'Paina'.</msg>
<arg>Paina</arg>
<doc>Clicks the button identified by ``locator``.</doc>
<status status="PASS" start="2024-11-18T14:32:00.565347" elapsed="1.631018"/>
</kw>
<kw name="Page Should Contain" owner="SeleniumLibrary">
<msg time="2024-11-18T14:32:04.883597" level="INFO" html="true">&lt;/td&gt;&lt;/tr&gt;&lt;tr&gt;&lt;td colspan="3"&gt;&lt;a href="selenium-screenshot-5.png"&gt;&lt;img src="selenium-screenshot-5.png" width="800px"&gt;&lt;/a&gt;</msg>
<msg time="2024-11-18T14:32:04.883965" level="FAIL">Page should have contained text 'nappia painettu 2 kertaa' but did not.</msg>
<arg>nappia painettu 2 kertaa</arg>
<doc>Verifies that current page contains ``text``.</doc>
<status status="FAIL" start="2024-11-18T14:32:02.196965" elapsed="2.690962">Page should have contained text 'nappia painettu 2 kertaa' but did not.</status>
</kw>
<kw name="Click Button" owner="SeleniumLibrary">
<arg>Nollaa</arg>
<doc>Clicks the button identified by ``locator``.</doc>
<status status="NOT RUN" start="2024-11-18T14:32:04.889084" elapsed="0.000130"/>
</kw>
<kw name="Page Should Contain" owner="SeleniumLibrary">
<arg>nappia painettu 0 kertaa</arg>
<doc>Verifies that current page contains ``text``.</doc>
<status status="NOT RUN" start="2024-11-18T14:32:04.889663" elapsed="0.000123"/>
</kw>
<status status="FAIL" start="2024-11-18T14:31:58.261590" elapsed="6.628924">Page should have contained text 'nappia painettu 2 kertaa' but did not.</status>
</test>
<kw name="Close Browser" owner="SeleniumLibrary" type="TEARDOWN">
<doc>Closes the current browser.</doc>
<status status="PASS" start="2024-11-18T14:32:04.891510" elapsed="0.566634"/>
</kw>
<status status="FAIL" start="2024-11-18T14:31:57.503612" elapsed="7.954762"/>
</suite>
<status status="FAIL" start="2024-11-18T14:31:49.025156" elapsed="16.434484"/>
</suite>
<statistics>
<total>
<stat pass="2" fail="1" skip="0">All Tests</stat>
</total>
<tag>
</tag>
<suite>
<stat pass="2" fail="1" skip="0" id="s1" name="Tests">Tests</stat>
<stat pass="2" fail="0" skip="0" id="s1-s1" name="Increment">Tests.Increment</stat>
<stat pass="0" fail="1" skip="0" id="s1-s2" name="Reset">Tests.Reset</stat>
</suite>
</statistics>
<errors>
<msg time="2024-11-18T14:31:49.239531" level="WARN">The chromedriver version (125.0.6422.112) detected in PATH at /usr/bin/chromedriver might not be compatible with the detected chrome version (126.0.6478.55); currently, chromedriver 126.0.6478.182 is recommended for chrome 126.*, so it is advised to delete the driver in PATH and retry</msg>
<msg time="2024-11-18T14:31:57.600435" level="WARN">The chromedriver version (125.0.6422.112) detected in PATH at /usr/bin/chromedriver might not be compatible with the detected chrome version (126.0.6478.55); currently, chromedriver 126.0.6478.182 is recommended for chrome 126.*, so it is advised to delete the driver in PATH and retry</msg>
</errors>
</robot>
