<?xml version="1.0" encoding="UTF-8"?>
<robot generator="Robot 7.1.1 (Python 3.10.12 on linux)" generated="2024-11-18T19:27:00.901906" rpa="false" schemaversion="5">
<suite id="s1" name="Tests" source="/home/filippah/webcounter/src/tests">
<suite id="s1-s1" name="Increment" source="/home/filippah/webcounter/src/tests/increment.robot">
<kw name="Open And Configure Browser" owner="resource" type="SETUP">
<if>
<branch type="IF" condition="$BROWSER == 'chrome'">
<kw name="Evaluate" owner="BuiltIn">
<msg time="2024-11-18T19:27:00.982591" level="INFO">${options} = &lt;selenium.webdriver.chrome.options.Options object at 0x7921c1730f70&gt;</msg>
<var>${options}</var>
<arg>sys.modules['selenium.webdriver'].ChromeOptions()</arg>
<arg>sys</arg>
<doc>Evaluates the given expression in Python and returns the result.</doc>
<status status="PASS" start="2024-11-18T19:27:00.982379" elapsed="0.000237"/>
</kw>
<status status="PASS" start="2024-11-18T19:27:00.980713" elapsed="0.001954"/>
</branch>
<branch type="ELSE IF" condition="$BROWSER == 'firefox'">
<kw name="Evaluate" owner="BuiltIn">
<var>${options}</var>
<arg>sys.modules['selenium.webdriver'].FirefoxOptions()</arg>
<arg>sys</arg>
<doc>Evaluates the given expression in Python and returns the result.</doc>
<status status="NOT RUN" start="2024-11-18T19:27:00.982773" elapsed="0.000018"/>
</kw>
<status status="NOT RUN" start="2024-11-18T19:27:00.982700" elapsed="0.000119"/>
</branch>
<status status="PASS" start="2024-11-18T19:27:00.980695" elapsed="0.002143"/>
</if>
<if>
<branch type="IF" condition="$HEADLESS == 'true'">
<kw name="Set Selenium Speed" owner="SeleniumLibrary">
<arg>0</arg>
<doc>Sets the delay that is waited after each Selenium command.</doc>
<status status="NOT RUN" start="2024-11-18T19:27:00.983034" elapsed="0.000019"/>
</kw>
<kw name="Call Method" owner="BuiltIn">
<arg>${options}</arg>
<arg>add_argument</arg>
<arg>--headless</arg>
<doc>Calls the named method of the given object with the provided arguments.</doc>
<status status="NOT RUN" start="2024-11-18T19:27:00.983121" elapsed="0.000014"/>
</kw>
<status status="NOT RUN" start="2024-11-18T19:27:00.982871" elapsed="0.000289"/>
</branch>
<branch type="ELSE">
<kw name="Set Selenium Speed" owner="SeleniumLibrary">
<arg>${DELAY}</arg>
<doc>Sets the delay that is waited after each Selenium command.</doc>
<status status="PASS" start="2024-11-18T19:27:00.983246" elapsed="0.000157"/>
</kw>
<status status="PASS" start="2024-11-18T19:27:00.983181" elapsed="0.000251"/>
</branch>
<status status="PASS" start="2024-11-18T19:27:00.982862" elapsed="0.000589"/>
</if>
<kw name="Open Browser" owner="SeleniumLibrary">
<msg time="2024-11-18T19:27:00.983675" level="INFO">Opening browser 'chrome' to base url 'None'.</msg>
<msg time="2024-11-18T19:27:01.016059" level="WARN">The chromedriver version (125.0.6422.112) detected in PATH at /usr/bin/chromedriver might not be compatible with the detected chrome version (126.0.6478.55); currently, chromedriver 126.0.6478.182 is recommended for chrome 126.*, so it is advised to delete the driver in PATH and retry</msg>
<arg>browser=${BROWSER}</arg>
<arg>options=${options}</arg>
<doc>Opens a new browser instance to the optional ``url``.</doc>
<status status="PASS" start="2024-11-18T19:27:00.983511" elapsed="0.351878"/>
</kw>
<status status="PASS" start="2024-11-18T19:27:00.980545" elapsed="0.354957"/>
</kw>
<test id="s1-s1-t1" name="At start the counter is zero" line="7">
<kw name="Go To" owner="SeleniumLibrary">
<msg time="2024-11-18T19:27:01.336149" level="INFO">Opening url 'http://localhost:5001'</msg>
<arg>${HOME_URL}</arg>
<doc>Navigates the current browser window to the provided ``url``.</doc>
<status status="PASS" start="2024-11-18T19:27:01.335949" elapsed="0.547375"/>
</kw>
<kw name="Title Should Be" owner="SeleniumLibrary">
<msg time="2024-11-18T19:27:02.398172" level="INFO">Page title is 'Laskuri'.</msg>
<arg>Laskuri</arg>
<doc>Verifies that the current page title equals ``title``.</doc>
<status status="PASS" start="2024-11-18T19:27:01.884106" elapsed="0.514335"/>
</kw>
<kw name="Page Should Contain" owner="SeleniumLibrary">
<msg time="2024-11-18T19:27:03.428984" level="INFO">Current page contains text 'nappia painettu 0 kertaa'.</msg>
<arg>nappia painettu 0 kertaa</arg>
<doc>Verifies that current page contains ``text``.</doc>
<status status="PASS" start="2024-11-18T19:27:02.399021" elapsed="1.030269"/>
</kw>
<status status="PASS" start="2024-11-18T19:27:01.335582" elapsed="2.094337"/>
</test>
<test id="s1-s1-t2" name="When button pressed twice the counter is two" line="12">
<kw name="Go To" owner="SeleniumLibrary">
<msg time="2024-11-18T19:27:03.431976" level="INFO">Opening url 'http://localhost:5001'</msg>
<arg>${HOME_URL}</arg>
<doc>Navigates the current browser window to the provided ``url``.</doc>
<status status="PASS" start="2024-11-18T19:27:03.431640" elapsed="0.533688"/>
</kw>
<kw name="Click Button" owner="SeleniumLibrary">
<msg time="2024-11-18T19:27:03.966193" level="INFO">Clicking button 'Paina'.</msg>
<arg>Paina</arg>
<doc>Clicks the button identified by ``locator``.</doc>
<status status="PASS" start="2024-11-18T19:27:03.965715" elapsed="1.609658"/>
</kw>
<kw name="Click Button" owner="SeleniumLibrary">
<msg time="2024-11-18T19:27:05.577000" level="INFO">Clicking button 'Paina'.</msg>
<arg>Paina</arg>
<doc>Clicks the button identified by ``locator``.</doc>
<status status="PASS" start="2024-11-18T19:27:05.576322" elapsed="1.619620"/>
</kw>
<kw name="Page Should Contain" owner="SeleniumLibrary">
<msg time="2024-11-18T19:27:08.230003" level="INFO">Current page contains text 'nappia painettu 2 kertaa'.</msg>
<arg>nappia painettu 2 kertaa</arg>
<doc>Verifies that current page contains ``text``.</doc>
<status status="PASS" start="2024-11-18T19:27:07.196914" elapsed="1.033546"/>
</kw>
<status status="PASS" start="2024-11-18T19:27:03.430677" elapsed="4.801049"/>
</test>
<kw name="Close Browser" owner="SeleniumLibrary" type="TEARDOWN">
<doc>Closes the current browser.</doc>
<status status="PASS" start="2024-11-18T19:27:08.234199" elapsed="0.559562"/>
</kw>
<status status="PASS" start="2024-11-18T19:27:00.913025" elapsed="7.881003"/>
</suite>
<suite id="s1-s2" name="Reset" source="/home/filippah/webcounter/src/tests/reset.robot">
<kw name="Open And Configure Browser" owner="resource" type="SETUP">
<if>
<branch type="IF" condition="$BROWSER == 'chrome'">
<kw name="Evaluate" owner="BuiltIn">
<msg time="2024-11-18T19:27:08.801041" level="INFO">${options} = &lt;selenium.webdriver.chrome.options.Options object at 0x7921c15e1060&gt;</msg>
<var>${options}</var>
<arg>sys.modules['selenium.webdriver'].ChromeOptions()</arg>
<arg>sys</arg>
<doc>Evaluates the given expression in Python and returns the result.</doc>
<status status="PASS" start="2024-11-18T19:27:08.800590" elapsed="0.000500"/>
</kw>
<status status="PASS" start="2024-11-18T19:27:08.800236" elapsed="0.000942"/>
</branch>
<branch type="ELSE IF" condition="$BROWSER == 'firefox'">
<kw name="Evaluate" owner="BuiltIn">
<var>${options}</var>
<arg>sys.modules['selenium.webdriver'].FirefoxOptions()</arg>
<arg>sys</arg>
<doc>Evaluates the given expression in Python and returns the result.</doc>
<status status="NOT RUN" start="2024-11-18T19:27:08.801394" elapsed="0.000034"/>
</kw>
<status status="NOT RUN" start="2024-11-18T19:27:08.801237" elapsed="0.000250"/>
</branch>
<status status="PASS" start="2024-11-18T19:27:08.800200" elapsed="0.001326"/>
</if>
<if>
<branch type="IF" condition="$HEADLESS == 'true'">
<kw name="Set Selenium Speed" owner="SeleniumLibrary">
<arg>0</arg>
<doc>Sets the delay that is waited after each Selenium command.</doc>
<status status="NOT RUN" start="2024-11-18T19:27:08.801822" elapsed="0.000036"/>
</kw>
<kw name="Call Method" owner="BuiltIn">
<arg>${options}</arg>
<arg>add_argument</arg>
<arg>--headless</arg>
<doc>Calls the named method of the given object with the provided arguments.</doc>
<status status="NOT RUN" start="2024-11-18T19:27:08.801979" elapsed="0.000031"/>
</kw>
<status status="NOT RUN" start="2024-11-18T19:27:08.801592" elapsed="0.000469"/>
</branch>
<branch type="ELSE">
<kw name="Set Selenium Speed" owner="SeleniumLibrary">
<arg>${DELAY}</arg>
<doc>Sets the delay that is waited after each Selenium command.</doc>
<status status="PASS" start="2024-11-18T19:27:08.802194" elapsed="0.000275"/>
</kw>
<status status="PASS" start="2024-11-18T19:27:08.802098" elapsed="0.000500"/>
</branch>
<status status="PASS" start="2024-11-18T19:27:08.801573" elapsed="0.001065"/>
</if>
<kw name="Open Browser" owner="SeleniumLibrary">
<msg time="2024-11-18T19:27:08.803093" level="INFO">Opening browser 'chrome' to base url 'None'.</msg>
<msg time="2024-11-18T19:27:08.835415" level="WARN">The chromedriver version (125.0.6422.112) detected in PATH at /usr/bin/chromedriver might not be compatible with the detected chrome version (126.0.6478.55); currently, chromedriver 126.0.6478.182 is recommended for chrome 126.*, so it is advised to delete the driver in PATH and retry</msg>
<arg>browser=${BROWSER}</arg>
<arg>options=${options}</arg>
<doc>Opens a new browser instance to the optional ``url``.</doc>
<status status="PASS" start="2024-11-18T19:27:08.802774" elapsed="0.357439"/>
</kw>
<status status="PASS" start="2024-11-18T19:27:08.799936" elapsed="0.360390"/>
</kw>
<test id="s1-s2-t1" name="When counter has a nonzero value and it is reset the value becomes zero" line="7">
<kw name="Go To" owner="SeleniumLibrary">
<msg time="2024-11-18T19:27:09.160894" level="INFO">Opening url 'http://localhost:5001'</msg>
<arg>${HOME_URL}</arg>
<doc>Navigates the current browser window to the provided ``url``.</doc>
<status status="PASS" start="2024-11-18T19:27:09.160745" elapsed="0.552986"/>
</kw>
<kw name="Click Button" owner="SeleniumLibrary">
<msg time="2024-11-18T19:27:09.715004" level="INFO">Clicking button 'Nollaa'.</msg>
<arg>Nollaa</arg>
<doc>Clicks the button identified by ``locator``.</doc>
<status status="PASS" start="2024-11-18T19:27:09.714433" elapsed="1.605081"/>
</kw>
<kw name="Click Button" owner="SeleniumLibrary">
<msg time="2024-11-18T19:27:11.321191" level="INFO">Clicking button 'Paina'.</msg>
<arg>Paina</arg>
<doc>Clicks the button identified by ``locator``.</doc>
<status status="PASS" start="2024-11-18T19:27:11.320487" elapsed="1.583528"/>
</kw>
<kw name="Click Button" owner="SeleniumLibrary">
<msg time="2024-11-18T19:27:12.906004" level="INFO">Clicking button 'Paina'.</msg>
<arg>Paina</arg>
<doc>Clicks the button identified by ``locator``.</doc>
<status status="PASS" start="2024-11-18T19:27:12.905196" elapsed="1.589174"/>
</kw>
<kw name="Page Should Contain" owner="SeleniumLibrary">
<msg time="2024-11-18T19:27:15.524846" level="INFO">Current page contains text 'nappia painettu 2 kertaa'.</msg>
<arg>nappia painettu 2 kertaa</arg>
<doc>Verifies that current page contains ``text``.</doc>
<status status="PASS" start="2024-11-18T19:27:14.495335" elapsed="1.029876"/>
</kw>
<kw name="Click Button" owner="SeleniumLibrary">
<msg time="2024-11-18T19:27:15.526415" level="INFO">Clicking button 'Nollaa'.</msg>
<arg>Nollaa</arg>
<doc>Clicks the button identified by ``locator``.</doc>
<status status="PASS" start="2024-11-18T19:27:15.525894" elapsed="1.565301"/>
</kw>
<kw name="Page Should Contain" owner="SeleniumLibrary">
<msg time="2024-11-18T19:27:18.121349" level="INFO">Current page contains text 'nappia painettu 0 kertaa'.</msg>
<arg>nappia painettu 0 kertaa</arg>
<doc>Verifies that current page contains ``text``.</doc>
<status status="PASS" start="2024-11-18T19:27:17.091963" elapsed="1.029835"/>
</kw>
<status status="PASS" start="2024-11-18T19:27:09.160402" elapsed="8.962220"/>
</test>
<kw name="Close Browser" owner="SeleniumLibrary" type="TEARDOWN">
<doc>Closes the current browser.</doc>
<status status="PASS" start="2024-11-18T19:27:18.124040" elapsed="0.560885"/>
</kw>
<status status="PASS" start="2024-11-18T19:27:08.795479" elapsed="9.889664"/>
</suite>
<status status="PASS" start="2024-11-18T19:27:00.902505" elapsed="17.784108"/>
</suite>
<statistics>
<total>
<stat pass="3" fail="0" skip="0">All Tests</stat>
</total>
<tag>
</tag>
<suite>
<stat pass="3" fail="0" skip="0" id="s1" name="Tests">Tests</stat>
<stat pass="2" fail="0" skip="0" id="s1-s1" name="Increment">Tests.Increment</stat>
<stat pass="1" fail="0" skip="0" id="s1-s2" name="Reset">Tests.Reset</stat>
</suite>
</statistics>
<errors>
<msg time="2024-11-18T19:27:01.016059" level="WARN">The chromedriver version (125.0.6422.112) detected in PATH at /usr/bin/chromedriver might not be compatible with the detected chrome version (126.0.6478.55); currently, chromedriver 126.0.6478.182 is recommended for chrome 126.*, so it is advised to delete the driver in PATH and retry</msg>
<msg time="2024-11-18T19:27:08.835415" level="WARN">The chromedriver version (125.0.6422.112) detected in PATH at /usr/bin/chromedriver might not be compatible with the detected chrome version (126.0.6478.55); currently, chromedriver 126.0.6478.182 is recommended for chrome 126.*, so it is advised to delete the driver in PATH and retry</msg>
</errors>
</robot>
